-------------------------------------------------------------------------------
Test set: com.jabcode.JABCodeColorModesTest
-------------------------------------------------------------------------------
Tests run: 2, Failures: 0, Errors: 2, Skipped: 0, Time elapsed: 0.003 s <<< FAILURE! - in com.jabcode.JABCodeColorModesTest
testAllColorModes(com.jabcode.JABCodeColorModesTest)  Time elapsed: 0.002 s  <<< ERROR!
java.lang.RuntimeException: Failed to generate JABCode
	at com.jabcode.JABCodeColorModesTest.testAllColorModes(JABCodeColorModesTest.java:109)
Caused by: java.lang.RuntimeException: Failed to create JABCode encoding context
	at com.jabcode.JABCodeColorModesTest.testAllColorModes(JABCodeColorModesTest.java:109)

testCMYKAndFullColorModes(com.jabcode.JABCodeColorModesTest)  Time elapsed: 0 s  <<< ERROR!
java.lang.RuntimeException: Failed to generate JABCode
	at com.jabcode.JABCodeColorModesTest.testCMYKAndFullColorModes(JABCodeColorModesTest.java:163)
Caused by: java.lang.RuntimeException: Failed to create JABCode encoding context
	at com.jabcode.JABCodeColorModesTest.testCMYKAndFullColorModes(JABCodeColorModesTest.java:163)

