-------------------------------------------------------------------------------
Test set: com.jabcode.OptimizedJABCodeTest
-------------------------------------------------------------------------------
Tests run: 15, Failures: 0, Errors: 8, Skipped: 0, Time elapsed: 0.003 s <<< FAILURE! - in com.jabcode.OptimizedJABCodeTest
testEncodeWithoutImageProcessing(com.jabcode.OptimizedJABCodeTest)  Time elapsed: 0.001 s  <<< ERROR!
java.lang.RuntimeException: Failed to generate JABCode
	at com.jabcode.OptimizedJABCodeTest.testEncodeWithoutImageProcessing(OptimizedJABCodeTest.java:170)
Caused by: java.lang.RuntimeException: Failed to create JABCode encoding context
	at com.jabcode.OptimizedJABCodeTest.testEncodeWithoutImageProcessing(OptimizedJABCodeTest.java:170)

testEncodeByteArray(com.jabcode.OptimizedJABCodeTest)  Time elapsed: 0.001 s  <<< ERROR!
java.lang.RuntimeException: Failed to generate JABCode
	at com.jabcode.OptimizedJABCodeTest.testEncodeByteArray(OptimizedJABCodeTest.java:195)
Caused by: java.lang.RuntimeException: Failed to create JABCode encoding context
	at com.jabcode.OptimizedJABCodeTest.testEncodeByteArray(OptimizedJABCodeTest.java:195)

testSaveNullFile(com.jabcode.OptimizedJABCodeTest)  Time elapsed: 0 s  <<< ERROR!
java.lang.Exception: Unexpected exception, expected<java.lang.IllegalArgumentException> but was<java.lang.RuntimeException>
	at com.jabcode.OptimizedJABCodeTest.testSaveNullFile(OptimizedJABCodeTest.java:284)
Caused by: java.lang.RuntimeException: Failed to create JABCode encoding context
	at com.jabcode.OptimizedJABCodeTest.testSaveNullFile(OptimizedJABCodeTest.java:284)

testEncodeAllColorModes(com.jabcode.OptimizedJABCodeTest)  Time elapsed: 0 s  <<< ERROR!
java.lang.RuntimeException: Failed to generate JABCode
	at com.jabcode.OptimizedJABCodeTest.testEncodeAllColorModes(OptimizedJABCodeTest.java:141)
Caused by: java.lang.RuntimeException: Failed to create JABCode encoding context
	at com.jabcode.OptimizedJABCodeTest.testEncodeAllColorModes(OptimizedJABCodeTest.java:141)

testEncodeCustom(com.jabcode.OptimizedJABCodeTest)  Time elapsed: 0 s  <<< ERROR!
java.lang.RuntimeException: Failed to generate JABCode
	at com.jabcode.OptimizedJABCodeTest.testEncodeCustom(OptimizedJABCodeTest.java:100)
Caused by: java.lang.RuntimeException: Failed to create JABCode encoding context
	at com.jabcode.OptimizedJABCodeTest.testEncodeCustom(OptimizedJABCodeTest.java:100)

testEncodeDefault(com.jabcode.OptimizedJABCodeTest)  Time elapsed: 0 s  <<< ERROR!
java.lang.RuntimeException: Failed to generate JABCode
	at com.jabcode.OptimizedJABCodeTest.testEncodeDefault(OptimizedJABCodeTest.java:70)
Caused by: java.lang.RuntimeException: Failed to create JABCode encoding context
	at com.jabcode.OptimizedJABCodeTest.testEncodeDefault(OptimizedJABCodeTest.java:70)

testEncodeDecodeRoundtrip(com.jabcode.OptimizedJABCodeTest)  Time elapsed: 0 s  <<< ERROR!
java.lang.RuntimeException: Failed to generate JABCode
	at com.jabcode.OptimizedJABCodeTest.testEncodeDecodeRoundtrip(OptimizedJABCodeTest.java:327)
Caused by: java.lang.RuntimeException: Failed to create JABCode encoding context
	at com.jabcode.OptimizedJABCodeTest.testEncodeDecodeRoundtrip(OptimizedJABCodeTest.java:327)

testSaveToInvalidFile(com.jabcode.OptimizedJABCodeTest)  Time elapsed: 0 s  <<< ERROR!
java.lang.Exception: Unexpected exception, expected<java.io.IOException> but was<java.lang.RuntimeException>
	at com.jabcode.OptimizedJABCodeTest.testSaveToInvalidFile(OptimizedJABCodeTest.java:262)
Caused by: java.lang.RuntimeException: Failed to create JABCode encoding context
	at com.jabcode.OptimizedJABCodeTest.testSaveToInvalidFile(OptimizedJABCodeTest.java:262)

