<?xml version="1.0" encoding="UTF-8"?>
<testsuite xmlns:xsi="http://www.w3.org/2001/XMLSchema-instance" xsi:noNamespaceSchemaLocation="https://maven.apache.org/surefire/maven-surefire-plugin/xsd/surefire-test-report.xsd" name="com.jabcode.LibraryLoadJUnitTest" time="0.017" tests="3" errors="0" skipped="0" failures="0">
  <properties>
[...]
</properties>
  <testcase name="testLibraryDirectoriesExist" classname="com.jabcode.LibraryLoadJUnitTest" time="0.001"/>
  <testcase name="testLibraryFilesExist" classname="com.jabcode.LibraryLoadJUnitTest" time="0"/>
  <testcase name="testJUnitWorking" classname="com.jabcode.LibraryLoadJUnitTest" time="0"/>
</testsuite>