<?xml version="1.0" encoding="UTF-8"?>
<testsuite xmlns:xsi="http://www.w3.org/2001/XMLSchema-instance" xsi:noNamespaceSchemaLocation="https://maven.apache.org/surefire/maven-surefire-plugin/xsd/surefire-test-report-3.0.xsd" version="3.0" name="com.jabcode.panama.ColorMode5Test" time="0.618" tests="11" errors="0" skipped="0" failures="8">
  <properties>
[...]
</properties>
  <testcase name="testBitsPerModule" classname="com.jabcode.panama.ColorMode5Test" time="0.027"/>
  <testcase name="testModuleSizes" classname="com.jabcode.panama.ColorMode5Test" time="0.066">
    <failure message="Decoding should succeed for 64-color mode ==&gt; expected: not &lt;null&gt;" type="org.opentest4j.AssertionFailedError"><![CDATA[org.opentest4j.AssertionFailedError: Decoding should succeed for 64-color mode ==> expected: not <null>
	at org.junit.jupiter.api.AssertionFailureBuilder.build(AssertionFailureBuilder.java:152)
	at org.junit.jupiter.api.AssertionFailureBuilder.buildAndThrow(AssertionFailureBuilder.java:132)
	at org.junit.jupiter.api.AssertNotNull.failNull(AssertNotNull.java:49)
	at org.junit.jupiter.api.AssertNotNull.assertNotNull(AssertNotNull.java:35)
	at org.junit.jupiter.api.Assertions.assertNotNull(Assertions.java:312)
	at com.jabcode.panama.ColorModeTestBase.assertRoundTrip(ColorModeTestBase.java:122)
	at com.jabcode.panama.ColorModeTestBase.testVariousModuleSizes(ColorModeTestBase.java:173)
	at com.jabcode.panama.ColorMode5Test.testModuleSizes(ColorMode5Test.java:46)
	at java.base/java.lang.reflect.Method.invoke(Method.java:580)
	at java.base/java.util.ArrayList.forEach(ArrayList.java:1597)
	at java.base/java.util.ArrayList.forEach(ArrayList.java:1597)
]]></failure>
  </testcase>
  <testcase name="testLongMessage" classname="com.jabcode.panama.ColorMode5Test" time="0.099">
    <failure message="Decoding should succeed for 64-color mode ==&gt; expected: not &lt;null&gt;" type="org.opentest4j.AssertionFailedError"><![CDATA[org.opentest4j.AssertionFailedError: Decoding should succeed for 64-color mode ==> expected: not <null>
	at org.junit.jupiter.api.AssertionFailureBuilder.build(AssertionFailureBuilder.java:152)
	at org.junit.jupiter.api.AssertionFailureBuilder.buildAndThrow(AssertionFailureBuilder.java:132)
	at org.junit.jupiter.api.AssertNotNull.failNull(AssertNotNull.java:49)
	at org.junit.jupiter.api.AssertNotNull.assertNotNull(AssertNotNull.java:35)
	at org.junit.jupiter.api.Assertions.assertNotNull(Assertions.java:312)
	at com.jabcode.panama.ColorModeTestBase.assertRoundTrip(ColorModeTestBase.java:122)
	at com.jabcode.panama.ColorModeTestBase.assertRoundTrip(ColorModeTestBase.java:134)
	at com.jabcode.panama.ColorMode5Test.testLongMessage(ColorMode5Test.java:52)
	at java.base/java.lang.reflect.Method.invoke(Method.java:580)
	at java.base/java.util.ArrayList.forEach(ArrayList.java:1597)
	at java.base/java.util.ArrayList.forEach(ArrayList.java:1597)
]]></failure>
  </testcase>
  <testcase name="testEccLevels" classname="com.jabcode.panama.ColorMode5Test" time="0.016">
    <failure message="Decoding should succeed for 64-color mode ==&gt; expected: not &lt;null&gt;" type="org.opentest4j.AssertionFailedError"><![CDATA[org.opentest4j.AssertionFailedError: Decoding should succeed for 64-color mode ==> expected: not <null>
	at org.junit.jupiter.api.AssertionFailureBuilder.build(AssertionFailureBuilder.java:152)
	at org.junit.jupiter.api.AssertionFailureBuilder.buildAndThrow(AssertionFailureBuilder.java:132)
	at org.junit.jupiter.api.AssertNotNull.failNull(AssertNotNull.java:49)
	at org.junit.jupiter.api.AssertNotNull.assertNotNull(AssertNotNull.java:35)
	at org.junit.jupiter.api.Assertions.assertNotNull(Assertions.java:312)
	at com.jabcode.panama.ColorModeTestBase.assertRoundTrip(ColorModeTestBase.java:122)
	at com.jabcode.panama.ColorModeTestBase.testVariousEccLevels(ColorModeTestBase.java:162)
	at com.jabcode.panama.ColorMode5Test.testEccLevels(ColorMode5Test.java:40)
	at java.base/java.lang.reflect.Method.invoke(Method.java:580)
	at java.base/java.util.ArrayList.forEach(ArrayList.java:1597)
	at java.base/java.util.ArrayList.forEach(ArrayList.java:1597)
]]></failure>
  </testcase>
  <testcase name="testNoInterpolation" classname="com.jabcode.panama.ColorMode5Test" time="0.001"/>
  <testcase name="testUnicode" classname="com.jabcode.panama.ColorMode5Test" time="0.042">
    <failure message="Decoding should succeed for 64-color mode ==&gt; expected: not &lt;null&gt;" type="org.opentest4j.AssertionFailedError"><![CDATA[org.opentest4j.AssertionFailedError: Decoding should succeed for 64-color mode ==> expected: not <null>
	at org.junit.jupiter.api.AssertionFailureBuilder.build(AssertionFailureBuilder.java:152)
	at org.junit.jupiter.api.AssertionFailureBuilder.buildAndThrow(AssertionFailureBuilder.java:132)
	at org.junit.jupiter.api.AssertNotNull.failNull(AssertNotNull.java:49)
	at org.junit.jupiter.api.AssertNotNull.assertNotNull(AssertNotNull.java:35)
	at org.junit.jupiter.api.Assertions.assertNotNull(Assertions.java:312)
	at com.jabcode.panama.ColorModeTestBase.assertRoundTrip(ColorModeTestBase.java:122)
	at com.jabcode.panama.ColorModeTestBase.assertRoundTrip(ColorModeTestBase.java:134)
	at com.jabcode.panama.ColorMode5Test.testUnicode(ColorMode5Test.java:58)
	at java.base/java.lang.reflect.Method.invoke(Method.java:580)
	at java.base/java.util.ArrayList.forEach(ArrayList.java:1597)
	at java.base/java.util.ArrayList.forEach(ArrayList.java:1597)
]]></failure>
  </testcase>
  <testcase name="testDataDensity" classname="com.jabcode.panama.ColorMode5Test" time="0.127">
    <failure message="Decoding should succeed for 64-color mode ==&gt; expected: not &lt;null&gt;" type="org.opentest4j.AssertionFailedError"><![CDATA[org.opentest4j.AssertionFailedError: Decoding should succeed for 64-color mode ==> expected: not <null>
	at org.junit.jupiter.api.AssertionFailureBuilder.build(AssertionFailureBuilder.java:152)
	at org.junit.jupiter.api.AssertionFailureBuilder.buildAndThrow(AssertionFailureBuilder.java:132)
	at org.junit.jupiter.api.AssertNotNull.failNull(AssertNotNull.java:49)
	at org.junit.jupiter.api.AssertNotNull.assertNotNull(AssertNotNull.java:35)
	at org.junit.jupiter.api.Assertions.assertNotNull(Assertions.java:312)
	at com.jabcode.panama.ColorModeTestBase.assertRoundTrip(ColorModeTestBase.java:122)
	at com.jabcode.panama.ColorModeTestBase.assertRoundTrip(ColorModeTestBase.java:134)
	at com.jabcode.panama.ColorMode5Test.testDataDensity(ColorMode5Test.java:84)
	at java.base/java.lang.reflect.Method.invoke(Method.java:580)
	at java.base/java.util.ArrayList.forEach(ArrayList.java:1597)
	at java.base/java.util.ArrayList.forEach(ArrayList.java:1597)
]]></failure>
  </testcase>
  <testcase name="testMaximumPayload" classname="com.jabcode.panama.ColorMode5Test" time="0.189">
    <failure message="Decoding should succeed for 64-color mode ==&gt; expected: not &lt;null&gt;" type="org.opentest4j.AssertionFailedError"><![CDATA[org.opentest4j.AssertionFailedError: Decoding should succeed for 64-color mode ==> expected: not <null>
	at org.junit.jupiter.api.AssertionFailureBuilder.build(AssertionFailureBuilder.java:152)
	at org.junit.jupiter.api.AssertionFailureBuilder.buildAndThrow(AssertionFailureBuilder.java:132)
	at org.junit.jupiter.api.AssertNotNull.failNull(AssertNotNull.java:49)
	at org.junit.jupiter.api.AssertNotNull.assertNotNull(AssertNotNull.java:35)
	at org.junit.jupiter.api.Assertions.assertNotNull(Assertions.java:312)
	at com.jabcode.panama.ColorModeTestBase.assertRoundTrip(ColorModeTestBase.java:122)
	at com.jabcode.panama.ColorModeTestBase.assertRoundTrip(ColorModeTestBase.java:134)
	at com.jabcode.panama.ColorMode5Test.testMaximumPayload(ColorMode5Test.java:92)
	at java.base/java.lang.reflect.Method.invoke(Method.java:580)
	at java.base/java.util.ArrayList.forEach(ArrayList.java:1597)
	at java.base/java.util.ArrayList.forEach(ArrayList.java:1597)
]]></failure>
  </testcase>
  <testcase name="testSimpleMessage" classname="com.jabcode.panama.ColorMode5Test" time="0.015">
    <failure message="Decoding should succeed for 64-color mode ==&gt; expected: not &lt;null&gt;" type="org.opentest4j.AssertionFailedError"><![CDATA[org.opentest4j.AssertionFailedError: Decoding should succeed for 64-color mode ==> expected: not <null>
	at org.junit.jupiter.api.AssertionFailureBuilder.build(AssertionFailureBuilder.java:152)
	at org.junit.jupiter.api.AssertionFailureBuilder.buildAndThrow(AssertionFailureBuilder.java:132)
	at org.junit.jupiter.api.AssertNotNull.failNull(AssertNotNull.java:49)
	at org.junit.jupiter.api.AssertNotNull.assertNotNull(AssertNotNull.java:35)
	at org.junit.jupiter.api.Assertions.assertNotNull(Assertions.java:312)
	at com.jabcode.panama.ColorModeTestBase.assertRoundTrip(ColorModeTestBase.java:122)
	at com.jabcode.panama.ColorModeTestBase.assertRoundTrip(ColorModeTestBase.java:134)
	at com.jabcode.panama.ColorMode5Test.testSimpleMessage(ColorMode5Test.java:28)
	at java.base/java.lang.reflect.Method.invoke(Method.java:580)
	at java.base/java.util.ArrayList.forEach(ArrayList.java:1597)
	at java.base/java.util.ArrayList.forEach(ArrayList.java:1597)
]]></failure>
  </testcase>
  <testcase name="testNcValue" classname="com.jabcode.panama.ColorMode5Test" time="0.001"/>
  <testcase name="testVariousLengths" classname="com.jabcode.panama.ColorMode5Test" time="0.016">
    <failure message="Decoding should succeed for 64-color mode ==&gt; expected: not &lt;null&gt;" type="org.opentest4j.AssertionFailedError"><![CDATA[org.opentest4j.AssertionFailedError: Decoding should succeed for 64-color mode ==> expected: not <null>
	at org.junit.jupiter.api.AssertionFailureBuilder.build(AssertionFailureBuilder.java:152)
	at org.junit.jupiter.api.AssertionFailureBuilder.buildAndThrow(AssertionFailureBuilder.java:132)
	at org.junit.jupiter.api.AssertNotNull.failNull(AssertNotNull.java:49)
	at org.junit.jupiter.api.AssertNotNull.assertNotNull(AssertNotNull.java:35)
	at org.junit.jupiter.api.Assertions.assertNotNull(Assertions.java:312)
	at com.jabcode.panama.ColorModeTestBase.assertRoundTrip(ColorModeTestBase.java:122)
	at com.jabcode.panama.ColorModeTestBase.assertRoundTrip(ColorModeTestBase.java:134)
	at com.jabcode.panama.ColorModeTestBase.testVariousMessageLengths(ColorModeTestBase.java:151)
	at com.jabcode.panama.ColorMode5Test.testVariousLengths(ColorMode5Test.java:34)
	at java.base/java.lang.reflect.Method.invoke(Method.java:580)
	at java.base/java.util.ArrayList.forEach(ArrayList.java:1597)
	at java.base/java.util.ArrayList.forEach(ArrayList.java:1597)
]]></failure>
  </testcase>
</testsuite>