<?xml version="1.0" encoding="UTF-8"?>
<testsuite xmlns:xsi="http://www.w3.org/2001/XMLSchema-instance" xsi:noNamespaceSchemaLocation="https://maven.apache.org/surefire/maven-surefire-plugin/xsd/surefire-test-report-3.0.xsd" version="3.0" name="com.jabcode.panama.ColorMode5Test" time="0.141" tests="1" errors="0" skipped="0" failures="0">
  <properties>
[...]
</properties>
  <testcase name="testSimpleMessage" classname="com.jabcode.panama.ColorMode5Test" time="0.127">
    <system-err><![CDATA[[ENCODER] Config: colorNumber=64, eccLevel=9, symbolNumber=1
[ENCODER] After createEncode: color_number in struct = 64
[ENCODER] ECC level set: requested=9, actual=9
[JAVA] Allocated observation buffer: address=136836322203104, capacity=10000
[JAVA] Calling decodeJABCodeWithObservations
[JAVA] Decode complete: obsCount=237
]]></system-err>
  </testcase>
</testsuite>