<?xml version="1.0" encoding="UTF-8"?>
<testsuite xmlns:xsi="http://www.w3.org/2001/XMLSchema-instance" xsi:noNamespaceSchemaLocation="https://maven.apache.org/surefire/maven-surefire-plugin/xsd/surefire-test-report-3.0.xsd" version="3.0" name="com.jabcode.panama.ColorMode7Test" time="1.064" tests="15" errors="0" skipped="0" failures="12">
  <properties>
[...]
</properties>
  <testcase name="testBitsPerModule" classname="com.jabcode.panama.ColorMode7Test" time="0.042"/>
  <testcase name="testModuleSizes" classname="com.jabcode.panama.ColorMode7Test" time="0.049">
    <failure message="Decoding should succeed for 256-color mode ==&gt; expected: not &lt;null&gt;" type="org.opentest4j.AssertionFailedError"><![CDATA[org.opentest4j.AssertionFailedError: Decoding should succeed for 256-color mode ==> expected: not <null>
	at org.junit.jupiter.api.AssertionFailureBuilder.build(AssertionFailureBuilder.java:152)
	at org.junit.jupiter.api.AssertionFailureBuilder.buildAndThrow(AssertionFailureBuilder.java:132)
	at org.junit.jupiter.api.AssertNotNull.failNull(AssertNotNull.java:49)
	at org.junit.jupiter.api.AssertNotNull.assertNotNull(AssertNotNull.java:35)
	at org.junit.jupiter.api.Assertions.assertNotNull(Assertions.java:312)
	at com.jabcode.panama.ColorModeTestBase.assertRoundTrip(ColorModeTestBase.java:130)
	at com.jabcode.panama.ColorModeTestBase.testVariousModuleSizes(ColorModeTestBase.java:181)
	at com.jabcode.panama.ColorMode7Test.testModuleSizes(ColorMode7Test.java:48)
	at java.base/java.lang.reflect.Method.invoke(Method.java:580)
	at java.base/java.util.ArrayList.forEach(ArrayList.java:1597)
	at java.base/java.util.ArrayList.forEach(ArrayList.java:1597)
]]></failure>
  </testcase>
  <testcase name="testBinaryData" classname="com.jabcode.panama.ColorMode7Test" time="0.135">
    <failure message="Decoding should succeed for 256-color mode ==&gt; expected: not &lt;null&gt;" type="org.opentest4j.AssertionFailedError"><![CDATA[org.opentest4j.AssertionFailedError: Decoding should succeed for 256-color mode ==> expected: not <null>
	at org.junit.jupiter.api.AssertionFailureBuilder.build(AssertionFailureBuilder.java:152)
	at org.junit.jupiter.api.AssertionFailureBuilder.buildAndThrow(AssertionFailureBuilder.java:132)
	at org.junit.jupiter.api.AssertNotNull.failNull(AssertNotNull.java:49)
	at org.junit.jupiter.api.AssertNotNull.assertNotNull(AssertNotNull.java:35)
	at org.junit.jupiter.api.Assertions.assertNotNull(Assertions.java:312)
	at com.jabcode.panama.ColorModeTestBase.assertRoundTrip(ColorModeTestBase.java:130)
	at com.jabcode.panama.ColorModeTestBase.assertRoundTrip(ColorModeTestBase.java:142)
	at com.jabcode.panama.ColorMode7Test.testBinaryData(ColorMode7Test.java:141)
	at java.base/java.lang.reflect.Method.invoke(Method.java:580)
	at java.base/java.util.ArrayList.forEach(ArrayList.java:1597)
	at java.base/java.util.ArrayList.forEach(ArrayList.java:1597)
]]></failure>
  </testcase>
  <testcase name="testLongMessage" classname="com.jabcode.panama.ColorMode7Test" time="0.171">
    <failure message="Decoding should succeed for 256-color mode ==&gt; expected: not &lt;null&gt;" type="org.opentest4j.AssertionFailedError"><![CDATA[org.opentest4j.AssertionFailedError: Decoding should succeed for 256-color mode ==> expected: not <null>
	at org.junit.jupiter.api.AssertionFailureBuilder.build(AssertionFailureBuilder.java:152)
	at org.junit.jupiter.api.AssertionFailureBuilder.buildAndThrow(AssertionFailureBuilder.java:132)
	at org.junit.jupiter.api.AssertNotNull.failNull(AssertNotNull.java:49)
	at org.junit.jupiter.api.AssertNotNull.assertNotNull(AssertNotNull.java:35)
	at org.junit.jupiter.api.Assertions.assertNotNull(Assertions.java:312)
	at com.jabcode.panama.ColorModeTestBase.assertRoundTrip(ColorModeTestBase.java:130)
	at com.jabcode.panama.ColorModeTestBase.assertRoundTrip(ColorModeTestBase.java:142)
	at com.jabcode.panama.ColorMode7Test.testLongMessage(ColorMode7Test.java:54)
	at java.base/java.lang.reflect.Method.invoke(Method.java:580)
	at java.base/java.util.ArrayList.forEach(ArrayList.java:1597)
	at java.base/java.util.ArrayList.forEach(ArrayList.java:1597)
]]></failure>
  </testcase>
  <testcase name="testEccLevels" classname="com.jabcode.panama.ColorMode7Test" time="0.019">
    <failure message="Decoding should succeed for 256-color mode ==&gt; expected: not &lt;null&gt;" type="org.opentest4j.AssertionFailedError"><![CDATA[org.opentest4j.AssertionFailedError: Decoding should succeed for 256-color mode ==> expected: not <null>
	at org.junit.jupiter.api.AssertionFailureBuilder.build(AssertionFailureBuilder.java:152)
	at org.junit.jupiter.api.AssertionFailureBuilder.buildAndThrow(AssertionFailureBuilder.java:132)
	at org.junit.jupiter.api.AssertNotNull.failNull(AssertNotNull.java:49)
	at org.junit.jupiter.api.AssertNotNull.assertNotNull(AssertNotNull.java:35)
	at org.junit.jupiter.api.Assertions.assertNotNull(Assertions.java:312)
	at com.jabcode.panama.ColorModeTestBase.assertRoundTrip(ColorModeTestBase.java:130)
	at com.jabcode.panama.ColorModeTestBase.testVariousEccLevels(ColorModeTestBase.java:170)
	at com.jabcode.panama.ColorMode7Test.testEccLevels(ColorMode7Test.java:42)
	at java.base/java.lang.reflect.Method.invoke(Method.java:580)
	at java.base/java.util.ArrayList.forEach(ArrayList.java:1597)
	at java.base/java.util.ArrayList.forEach(ArrayList.java:1597)
]]></failure>
  </testcase>
  <testcase name="testUnicode" classname="com.jabcode.panama.ColorMode7Test" time="0.051">
    <failure message="Decoding should succeed for 256-color mode ==&gt; expected: not &lt;null&gt;" type="org.opentest4j.AssertionFailedError"><![CDATA[org.opentest4j.AssertionFailedError: Decoding should succeed for 256-color mode ==> expected: not <null>
	at org.junit.jupiter.api.AssertionFailureBuilder.build(AssertionFailureBuilder.java:152)
	at org.junit.jupiter.api.AssertionFailureBuilder.buildAndThrow(AssertionFailureBuilder.java:132)
	at org.junit.jupiter.api.AssertNotNull.failNull(AssertNotNull.java:49)
	at org.junit.jupiter.api.AssertNotNull.assertNotNull(AssertNotNull.java:35)
	at org.junit.jupiter.api.Assertions.assertNotNull(Assertions.java:312)
	at com.jabcode.panama.ColorModeTestBase.assertRoundTrip(ColorModeTestBase.java:130)
	at com.jabcode.panama.ColorModeTestBase.assertRoundTrip(ColorModeTestBase.java:142)
	at com.jabcode.panama.ColorMode7Test.testUnicode(ColorMode7Test.java:60)
	at java.base/java.lang.reflect.Method.invoke(Method.java:580)
	at java.base/java.util.ArrayList.forEach(ArrayList.java:1597)
	at java.base/java.util.ArrayList.forEach(ArrayList.java:1597)
]]></failure>
  </testcase>
  <testcase name="testDataDensity" classname="com.jabcode.panama.ColorMode7Test" time="0.098">
    <failure message="Decoding should succeed for 256-color mode ==&gt; expected: not &lt;null&gt;" type="org.opentest4j.AssertionFailedError"><![CDATA[org.opentest4j.AssertionFailedError: Decoding should succeed for 256-color mode ==> expected: not <null>
	at org.junit.jupiter.api.AssertionFailureBuilder.build(AssertionFailureBuilder.java:152)
	at org.junit.jupiter.api.AssertionFailureBuilder.buildAndThrow(AssertionFailureBuilder.java:132)
	at org.junit.jupiter.api.AssertNotNull.failNull(AssertNotNull.java:49)
	at org.junit.jupiter.api.AssertNotNull.assertNotNull(AssertNotNull.java:35)
	at org.junit.jupiter.api.Assertions.assertNotNull(Assertions.java:312)
	at com.jabcode.panama.ColorModeTestBase.assertRoundTrip(ColorModeTestBase.java:130)
	at com.jabcode.panama.ColorModeTestBase.assertRoundTrip(ColorModeTestBase.java:142)
	at com.jabcode.panama.ColorMode7Test.testDataDensity(ColorMode7Test.java:86)
	at java.base/java.lang.reflect.Method.invoke(Method.java:580)
	at java.base/java.util.ArrayList.forEach(ArrayList.java:1597)
	at java.base/java.util.ArrayList.forEach(ArrayList.java:1597)
]]></failure>
  </testcase>
  <testcase name="testMaximumCapacity" classname="com.jabcode.panama.ColorMode7Test" time="0.205">
    <failure message="Decoding should succeed for 256-color mode ==&gt; expected: not &lt;null&gt;" type="org.opentest4j.AssertionFailedError"><![CDATA[org.opentest4j.AssertionFailedError: Decoding should succeed for 256-color mode ==> expected: not <null>
	at org.junit.jupiter.api.AssertionFailureBuilder.build(AssertionFailureBuilder.java:152)
	at org.junit.jupiter.api.AssertionFailureBuilder.buildAndThrow(AssertionFailureBuilder.java:132)
	at org.junit.jupiter.api.AssertNotNull.failNull(AssertNotNull.java:49)
	at org.junit.jupiter.api.AssertNotNull.assertNotNull(AssertNotNull.java:35)
	at org.junit.jupiter.api.Assertions.assertNotNull(Assertions.java:312)
	at com.jabcode.panama.ColorModeTestBase.assertRoundTrip(ColorModeTestBase.java:130)
	at com.jabcode.panama.ColorModeTestBase.assertRoundTrip(ColorModeTestBase.java:142)
	at com.jabcode.panama.ColorMode7Test.testMaximumCapacity(ColorMode7Test.java:130)
	at java.base/java.lang.reflect.Method.invoke(Method.java:580)
	at java.base/java.util.ArrayList.forEach(ArrayList.java:1597)
	at java.base/java.util.ArrayList.forEach(ArrayList.java:1597)
]]></failure>
  </testcase>
  <testcase name="testDigitalReliability" classname="com.jabcode.panama.ColorMode7Test" time="0.016">
    <failure message="Decoding should succeed for 256-color mode ==&gt; expected: not &lt;null&gt;" type="org.opentest4j.AssertionFailedError"><![CDATA[org.opentest4j.AssertionFailedError: Decoding should succeed for 256-color mode ==> expected: not <null>
	at org.junit.jupiter.api.AssertionFailureBuilder.build(AssertionFailureBuilder.java:152)
	at org.junit.jupiter.api.AssertionFailureBuilder.buildAndThrow(AssertionFailureBuilder.java:132)
	at org.junit.jupiter.api.AssertNotNull.failNull(AssertNotNull.java:49)
	at org.junit.jupiter.api.AssertNotNull.assertNotNull(AssertNotNull.java:35)
	at org.junit.jupiter.api.Assertions.assertNotNull(Assertions.java:312)
	at com.jabcode.panama.ColorModeTestBase.assertRoundTrip(ColorModeTestBase.java:130)
	at com.jabcode.panama.ColorModeTestBase.assertRoundTrip(ColorModeTestBase.java:142)
	at com.jabcode.panama.ColorMode7Test.testDigitalReliability(ColorMode7Test.java:120)
	at java.base/java.lang.reflect.Method.invoke(Method.java:580)
	at java.base/java.util.ArrayList.forEach(ArrayList.java:1597)
	at java.base/java.util.ArrayList.forEach(ArrayList.java:1597)
]]></failure>
  </testcase>
  <testcase name="testMaximumPayload" classname="com.jabcode.panama.ColorMode7Test" time="0.204">
    <failure message="Decoding should succeed for 256-color mode ==&gt; expected: not &lt;null&gt;" type="org.opentest4j.AssertionFailedError"><![CDATA[org.opentest4j.AssertionFailedError: Decoding should succeed for 256-color mode ==> expected: not <null>
	at org.junit.jupiter.api.AssertionFailureBuilder.build(AssertionFailureBuilder.java:152)
	at org.junit.jupiter.api.AssertionFailureBuilder.buildAndThrow(AssertionFailureBuilder.java:132)
	at org.junit.jupiter.api.AssertNotNull.failNull(AssertNotNull.java:49)
	at org.junit.jupiter.api.AssertNotNull.assertNotNull(AssertNotNull.java:35)
	at org.junit.jupiter.api.Assertions.assertNotNull(Assertions.java:312)
	at com.jabcode.panama.ColorModeTestBase.assertRoundTrip(ColorModeTestBase.java:130)
	at com.jabcode.panama.ColorModeTestBase.assertRoundTrip(ColorModeTestBase.java:142)
	at com.jabcode.panama.ColorMode7Test.testMaximumPayload(ColorMode7Test.java:94)
	at java.base/java.lang.reflect.Method.invoke(Method.java:580)
	at java.base/java.util.ArrayList.forEach(ArrayList.java:1597)
	at java.base/java.util.ArrayList.forEach(ArrayList.java:1597)
]]></failure>
  </testcase>
  <testcase name="testSimpleMessage" classname="com.jabcode.panama.ColorMode7Test" time="0.016">
    <failure message="Decoding should succeed for 256-color mode ==&gt; expected: not &lt;null&gt;" type="org.opentest4j.AssertionFailedError"><![CDATA[org.opentest4j.AssertionFailedError: Decoding should succeed for 256-color mode ==> expected: not <null>
	at org.junit.jupiter.api.AssertionFailureBuilder.build(AssertionFailureBuilder.java:152)
	at org.junit.jupiter.api.AssertionFailureBuilder.buildAndThrow(AssertionFailureBuilder.java:132)
	at org.junit.jupiter.api.AssertNotNull.failNull(AssertNotNull.java:49)
	at org.junit.jupiter.api.AssertNotNull.assertNotNull(AssertNotNull.java:35)
	at org.junit.jupiter.api.Assertions.assertNotNull(Assertions.java:312)
	at com.jabcode.panama.ColorModeTestBase.assertRoundTrip(ColorModeTestBase.java:130)
	at com.jabcode.panama.ColorModeTestBase.assertRoundTrip(ColorModeTestBase.java:142)
	at com.jabcode.panama.ColorMode7Test.testSimpleMessage(ColorMode7Test.java:30)
	at java.base/java.lang.reflect.Method.invoke(Method.java:580)
	at java.base/java.util.ArrayList.forEach(ArrayList.java:1597)
	at java.base/java.util.ArrayList.forEach(ArrayList.java:1597)
]]></failure>
  </testcase>
  <testcase name="testNcValue" classname="com.jabcode.panama.ColorMode7Test" time="0.001"/>
  <testcase name="testRepeatedRoundTrips" classname="com.jabcode.panama.ColorMode7Test" time="0.016">
    <failure message="Decoding should succeed for 256-color mode ==&gt; expected: not &lt;null&gt;" type="org.opentest4j.AssertionFailedError"><![CDATA[org.opentest4j.AssertionFailedError: Decoding should succeed for 256-color mode ==> expected: not <null>
	at org.junit.jupiter.api.AssertionFailureBuilder.build(AssertionFailureBuilder.java:152)
	at org.junit.jupiter.api.AssertionFailureBuilder.buildAndThrow(AssertionFailureBuilder.java:132)
	at org.junit.jupiter.api.AssertNotNull.failNull(AssertNotNull.java:49)
	at org.junit.jupiter.api.AssertNotNull.assertNotNull(AssertNotNull.java:35)
	at org.junit.jupiter.api.Assertions.assertNotNull(Assertions.java:312)
	at com.jabcode.panama.ColorModeTestBase.assertRoundTrip(ColorModeTestBase.java:130)
	at com.jabcode.panama.ColorModeTestBase.assertRoundTrip(ColorModeTestBase.java:142)
	at com.jabcode.panama.ColorMode7Test.testRepeatedRoundTrips(ColorMode7Test.java:104)
	at java.base/java.lang.reflect.Method.invoke(Method.java:580)
	at java.base/java.util.ArrayList.forEach(ArrayList.java:1597)
	at java.base/java.util.ArrayList.forEach(ArrayList.java:1597)
]]></failure>
  </testcase>
  <testcase name="testRequiresInterpolation" classname="com.jabcode.panama.ColorMode7Test" time="0.001"/>
  <testcase name="testVariousLengths" classname="com.jabcode.panama.ColorMode7Test" time="0.018">
    <failure message="Decoding should succeed for 256-color mode ==&gt; expected: not &lt;null&gt;" type="org.opentest4j.AssertionFailedError"><![CDATA[org.opentest4j.AssertionFailedError: Decoding should succeed for 256-color mode ==> expected: not <null>
	at org.junit.jupiter.api.AssertionFailureBuilder.build(AssertionFailureBuilder.java:152)
	at org.junit.jupiter.api.AssertionFailureBuilder.buildAndThrow(AssertionFailureBuilder.java:132)
	at org.junit.jupiter.api.AssertNotNull.failNull(AssertNotNull.java:49)
	at org.junit.jupiter.api.AssertNotNull.assertNotNull(AssertNotNull.java:35)
	at org.junit.jupiter.api.Assertions.assertNotNull(Assertions.java:312)
	at com.jabcode.panama.ColorModeTestBase.assertRoundTrip(ColorModeTestBase.java:130)
	at com.jabcode.panama.ColorModeTestBase.assertRoundTrip(ColorModeTestBase.java:142)
	at com.jabcode.panama.ColorModeTestBase.testVariousMessageLengths(ColorModeTestBase.java:159)
	at com.jabcode.panama.ColorMode7Test.testVariousLengths(ColorMode7Test.java:36)
	at java.base/java.lang.reflect.Method.invoke(Method.java:580)
	at java.base/java.util.ArrayList.forEach(ArrayList.java:1597)
	at java.base/java.util.ArrayList.forEach(ArrayList.java:1597)
]]></failure>
  </testcase>
</testsuite>