<?xml version="1.0" encoding="UTF-8"?>
<testsuite xmlns:xsi="http://www.w3.org/2001/XMLSchema-instance" xsi:noNamespaceSchemaLocation="https://maven.apache.org/surefire/maven-surefire-plugin/xsd/surefire-test-report-3.0.xsd" version="3.0" name="com.jabcode.panama.JABCodeEncoderIntegrationTest" time="0.199" tests="12" errors="0" skipped="0" failures="0">
  <properties>
[...]
</properties>
  <testcase name="encodeToPNGWith4Colors(Path)" classname="com.jabcode.panama.JABCodeEncoderIntegrationTest" time="0.063">
    <system-out><![CDATA[=== Native Library Configuration ===
LD_LIBRARY_PATH: /mnt/b34628fa-d41e-4c37-8caf-f06a6ecbb1ae/projects/practice/barcode/jabcode/src/jabcode/build
java.library.path: /mnt/b34628fa-d41e-4c37-8caf-f06a6ecbb1ae/projects/practice/barcode/jabcode/src/jabcode/build
====================================
]]></system-out>
  </testcase>
  <testcase name="encodeWithConfigMethod(Path)" classname="com.jabcode.panama.JABCodeEncoderIntegrationTest" time="0.004"/>
  <testcase name="encodeUnicodeData(Path)" classname="com.jabcode.panama.JABCodeEncoderIntegrationTest" time="0.004"/>
  <testcase name="encodeLongDataString(Path)" classname="com.jabcode.panama.JABCodeEncoderIntegrationTest" time="0.02"/>
  <testcase name="encodeToPNGAllColorModes(Path)" classname="com.jabcode.panama.JABCodeEncoderIntegrationTest" time="0.042"/>
  <testcase name="encodeRejectsNullData(Path)" classname="com.jabcode.panama.JABCodeEncoderIntegrationTest" time="0.002"/>
  <testcase name="encodeMethodWithColorAndEcc(Path)" classname="com.jabcode.panama.JABCodeEncoderIntegrationTest" time="0.002"/>
  <testcase name="encodeDefaultMethod" classname="com.jabcode.panama.JABCodeEncoderIntegrationTest" time="0.002"/>
  <testcase name="encodeToPNGWithDefaultConfig(Path)" classname="com.jabcode.panama.JABCodeEncoderIntegrationTest" time="0.003"/>
  <testcase name="encodeWithDifferentECCLevels(Path)" classname="com.jabcode.panama.JABCodeEncoderIntegrationTest" time="0.028"/>
  <testcase name="encodeToPNGWith256Colors(Path)" classname="com.jabcode.panama.JABCodeEncoderIntegrationTest" time="0.007"/>
  <testcase name="encodeRejectsEmptyData(Path)" classname="com.jabcode.panama.JABCodeEncoderIntegrationTest" time="0.001"/>
</testsuite>